<?xml version="1.0" encoding="UTF-8"?>
<!-- Generated by org.testng.reporters.JUnitReportReporter -->
<testsuite hostname="DESKTOP-RT22SHH" failures="0" tests="1" name="package2.TestClass1" time="4.181" errors="0" timestamp="1 Feb 2024 14:07:17 GMT">
  <testcase classname="package2.TestClass1" name="tc1" time="4.181"/>
</testsuite> <!-- package2.TestClass1 -->
